<html>
<head>
<title>TestNG:  Test(failed)</title>
<link href="../testng.css" rel="stylesheet" type="text/css" />
<link href="../my-testng.css" rel="stylesheet" type="text/css" />

<style type="text/css">
.log { display: none;} 
.stack-trace { display: none;} 
</style>
<script type="text/javascript">
<!--
function flip(e) {
  current = e.style.display;
  if (current == 'block') {
    e.style.display = 'none';
    return 0;
  }
  else {
    e.style.display = 'block';
    return 1;
  }
}

function toggleBox(szDivId, elem, msg1, msg2)
{
  var res = -1;  if (document.getElementById) {
    res = flip(document.getElementById(szDivId));
  }
  else if (document.all) {
    // this is the way old msie versions work
    res = flip(document.all[szDivId]);
  }
  if(elem) {
    if(res == 0) elem.innerHTML = msg1; else elem.innerHTML = msg2;
  }

}

function toggleAllBoxes() {
  if (document.getElementsByTagName) {
    d = document.getElementsByTagName('div');
    for (i = 0; i < d.length; i++) {
      if (d[i].className == 'log') {
        flip(d[i]);
      }
    }
  }
}

// -->
</script>

</head>
<body>
<h2 align='center'>Test(failed)</h2><table border='1' align="center">
<tr>
<td>Tests passed/Failed/Skipped:</td><td>0/0/3</td>
</tr><tr>
<td>Started on:</td><td>Mon Apr 11 08:49:25 IST 2022</td>
</tr>
<tr><td>Total time:</td><td>0 seconds (136 ms)</td>
</tr><tr>
<td>Included groups:</td><td></td>
</tr><tr>
<td>Excluded groups:</td><td></td>
</tr>
</table><p/>
<small><i>(Hover the method name to see the test class name)</i></small><p/>
<table width='100%' border='1' class='invocation-failed'>
<tr><td colspan='4' align='center'><b>FAILED CONFIGURATIONS</b></td></tr>
<tr><td><b>Test method</b></td>
<td width="30%"><b>Exception</b></td>
<td width="10%"><b>Time (seconds)</b></td>
<td><b>Instance</b></td>
</tr>
<tr>
<td title='TestNG.Drag_Drop.OpenBrowser()'><b>OpenBrowser</b><br>Test class: TestNG.Drag_Drop</td>
<td><div><pre>org.testng.TestNGException: 
Parameter &apos;browser&apos; is required by BeforeSuite on method OpenBrowser but has not been marked @Optional or defined
in C:\Users\vitka\git\repository\Automation\test-output\testng-failed.xml
... Removed 16 stack frames</pre></div><a href='#' onClick='toggleBox("stack-trace2135449562", this, "Click to show all stack frames", "Click to hide stack frames")'>Click to show all stack frames</a>
<div class='stack-trace' id='stack-trace2135449562'><pre>org.testng.TestNGException: 
Parameter &apos;browser&apos; is required by BeforeSuite on method OpenBrowser but has not been marked @Optional or defined
in C:\Users\vitka\git\repository\Automation\test-output\testng-failed.xml
	at org.testng.internal.Parameters.createParams(Parameters.java:270)
	at org.testng.internal.Parameters.createParametersForMethod(Parameters.java:358)
	at org.testng.internal.Parameters.createParameters(Parameters.java:700)
	at org.testng.internal.Parameters.createConfigurationParameters(Parameters.java:168)
	at org.testng.internal.ConfigInvoker.invokeConfigurations(ConfigInvoker.java:302)
	at org.testng.SuiteRunner.privateRun(SuiteRunner.java:317)
	at org.testng.SuiteRunner.run(SuiteRunner.java:276)
	at org.testng.SuiteRunnerWorker.runSuite(SuiteRunnerWorker.java:53)
	at org.testng.SuiteRunnerWorker.run(SuiteRunnerWorker.java:96)
	at org.testng.TestNG.runSuitesSequentially(TestNG.java:1212)
	at org.testng.TestNG.runSuitesLocally(TestNG.java:1134)
	at org.testng.TestNG.runSuites(TestNG.java:1063)
	at org.testng.TestNG.run(TestNG.java:1031)
	at org.testng.remote.AbstractRemoteTestNG.run(AbstractRemoteTestNG.java:115)
	at org.testng.remote.RemoteTestNG.initAndRun(RemoteTestNG.java:251)
	at org.testng.remote.RemoteTestNG.main(RemoteTestNG.java:77)
</pre></div></td>
<td>-1649647165</td>
<td>TestNG.Drag_Drop@29215f06</td></tr>
</table><p>
<table width='100%' border='1' class='invocation-skipped'>
<tr><td colspan='4' align='center'><b>SKIPPED CONFIGURATIONS</b></td></tr>
<tr><td><b>Test method</b></td>
<td width="30%"><b>Exception</b></td>
<td width="10%"><b>Time (seconds)</b></td>
<td><b>Instance</b></td>
</tr>
<tr>
<td title='TestNG.Drag_Drop.get_cookies()'><b>get_cookies</b><br>Test class: TestNG.Drag_Drop</td>
<td></td>
<td>-1649647165</td>
<td>TestNG.Drag_Drop@29215f06</td></tr>
<tr>
<td title='TestNG.Drag_Drop.get_screenshot()'><b>get_screenshot</b><br>Test class: TestNG.Drag_Drop</td>
<td></td>
<td>-1649647165</td>
<td>TestNG.Drag_Drop@29215f06</td></tr>
<tr>
<td title='TestNG.Drag_Drop.get_screenshot()'><b>get_screenshot</b><br>Test class: TestNG.Drag_Drop</td>
<td></td>
<td>-1649647165</td>
<td>TestNG.Drag_Drop@29215f06</td></tr>
<tr>
<td title='TestNG.Drag_Drop.get_cookies()'><b>get_cookies</b><br>Test class: TestNG.Drag_Drop</td>
<td></td>
<td>-1649647165</td>
<td>TestNG.Drag_Drop@29215f06</td></tr>
<tr>
<td title='TestNG.Drag_Drop.get_cookies()'><b>get_cookies</b><br>Test class: TestNG.Drag_Drop</td>
<td></td>
<td>-1649647165</td>
<td>TestNG.Drag_Drop@29215f06</td></tr>
<tr>
<td title='TestNG.Drag_Drop.get_screenshot()'><b>get_screenshot</b><br>Test class: TestNG.Drag_Drop</td>
<td></td>
<td>-1649647165</td>
<td>TestNG.Drag_Drop@29215f06</td></tr>
<tr>
<td title='TestNG.Drag_Drop.delet_cookies()'><b>delet_cookies</b><br>Test class: TestNG.Drag_Drop</td>
<td></td>
<td>-1649647165</td>
<td>TestNG.Drag_Drop@29215f06</td></tr>
<tr>
<td title='TestNG.Drag_Drop.geturl()'><b>geturl</b><br>Test class: TestNG.Drag_Drop</td>
<td></td>
<td>-1649647165</td>
<td>TestNG.Drag_Drop@29215f06</td></tr>
<tr>
<td title='TestNG.Drag_Drop.maximize_browser()'><b>maximize_browser</b><br>Test class: TestNG.Drag_Drop</td>
<td></td>
<td>-1649647165</td>
<td>TestNG.Drag_Drop@29215f06</td></tr>
<tr>
<td title='TestNG.Drag_Drop.dbconnectionclosed()'><b>dbconnectionclosed</b><br>Test class: TestNG.Drag_Drop</td>
<td></td>
<td>-1649647165</td>
<td>TestNG.Drag_Drop@29215f06</td></tr>
</table><p>
<table width='100%' border='1' class='invocation-skipped'>
<tr><td colspan='4' align='center'><b>SKIPPED TESTS</b></td></tr>
<tr><td><b>Test method</b></td>
<td width="30%"><b>Exception</b></td>
<td width="10%"><b>Time (seconds)</b></td>
<td><b>Instance</b></td>
</tr>
<tr>
<td title='TestNG.Drag_Drop.KKK()'><b>KKK</b><br>Test class: TestNG.Drag_Drop</td>
<td><div><pre>org.testng.TestNGException: 
Parameter &apos;browser&apos; is required by BeforeSuite on method OpenBrowser but has not been marked @Optional or defined
in C:\Users\vitka\git\repository\Automation\test-output\testng-failed.xml
... Removed 16 stack frames</pre></div><a href='#' onClick='toggleBox("stack-trace253601149", this, "Click to show all stack frames", "Click to hide stack frames")'>Click to show all stack frames</a>
<div class='stack-trace' id='stack-trace253601149'><pre>org.testng.TestNGException: 
Parameter &apos;browser&apos; is required by BeforeSuite on method OpenBrowser but has not been marked @Optional or defined
in C:\Users\vitka\git\repository\Automation\test-output\testng-failed.xml
	at org.testng.internal.Parameters.createParams(Parameters.java:270)
	at org.testng.internal.Parameters.createParametersForMethod(Parameters.java:358)
	at org.testng.internal.Parameters.createParameters(Parameters.java:700)
	at org.testng.internal.Parameters.createConfigurationParameters(Parameters.java:168)
	at org.testng.internal.ConfigInvoker.invokeConfigurations(ConfigInvoker.java:302)
	at org.testng.SuiteRunner.privateRun(SuiteRunner.java:317)
	at org.testng.SuiteRunner.run(SuiteRunner.java:276)
	at org.testng.SuiteRunnerWorker.runSuite(SuiteRunnerWorker.java:53)
	at org.testng.SuiteRunnerWorker.run(SuiteRunnerWorker.java:96)
	at org.testng.TestNG.runSuitesSequentially(TestNG.java:1212)
	at org.testng.TestNG.runSuitesLocally(TestNG.java:1134)
	at org.testng.TestNG.runSuites(TestNG.java:1063)
	at org.testng.TestNG.run(TestNG.java:1031)
	at org.testng.remote.AbstractRemoteTestNG.run(AbstractRemoteTestNG.java:115)
	at org.testng.remote.RemoteTestNG.initAndRun(RemoteTestNG.java:251)
	at org.testng.remote.RemoteTestNG.main(RemoteTestNG.java:77)
</pre></div></td>
<td>0</td>
<td>TestNG.Drag_Drop@29215f06</td></tr>
<tr>
<td title='TestNG.Drag_Drop.ABCD()'><b>ABCD</b><br>Test class: TestNG.Drag_Drop</td>
<td><div><pre>org.testng.TestNGException: 
Parameter &apos;browser&apos; is required by BeforeSuite on method OpenBrowser but has not been marked @Optional or defined
in C:\Users\vitka\git\repository\Automation\test-output\testng-failed.xml
... Removed 16 stack frames</pre></div><a href='#' onClick='toggleBox("stack-trace1758056825", this, "Click to show all stack frames", "Click to hide stack frames")'>Click to show all stack frames</a>
<div class='stack-trace' id='stack-trace1758056825'><pre>org.testng.TestNGException: 
Parameter &apos;browser&apos; is required by BeforeSuite on method OpenBrowser but has not been marked @Optional or defined
in C:\Users\vitka\git\repository\Automation\test-output\testng-failed.xml
	at org.testng.internal.Parameters.createParams(Parameters.java:270)
	at org.testng.internal.Parameters.createParametersForMethod(Parameters.java:358)
	at org.testng.internal.Parameters.createParameters(Parameters.java:700)
	at org.testng.internal.Parameters.createConfigurationParameters(Parameters.java:168)
	at org.testng.internal.ConfigInvoker.invokeConfigurations(ConfigInvoker.java:302)
	at org.testng.SuiteRunner.privateRun(SuiteRunner.java:317)
	at org.testng.SuiteRunner.run(SuiteRunner.java:276)
	at org.testng.SuiteRunnerWorker.runSuite(SuiteRunnerWorker.java:53)
	at org.testng.SuiteRunnerWorker.run(SuiteRunnerWorker.java:96)
	at org.testng.TestNG.runSuitesSequentially(TestNG.java:1212)
	at org.testng.TestNG.runSuitesLocally(TestNG.java:1134)
	at org.testng.TestNG.runSuites(TestNG.java:1063)
	at org.testng.TestNG.run(TestNG.java:1031)
	at org.testng.remote.AbstractRemoteTestNG.run(AbstractRemoteTestNG.java:115)
	at org.testng.remote.RemoteTestNG.initAndRun(RemoteTestNG.java:251)
	at org.testng.remote.RemoteTestNG.main(RemoteTestNG.java:77)
</pre></div></td>
<td>0</td>
<td>TestNG.Drag_Drop@29215f06</td></tr>
<tr>
<td title='TestNG.Drag_Drop.ZMY()'><b>ZMY</b><br>Test class: TestNG.Drag_Drop</td>
<td><div><pre>org.testng.TestNGException: 
Parameter &apos;browser&apos; is required by BeforeSuite on method OpenBrowser but has not been marked @Optional or defined
in C:\Users\vitka\git\repository\Automation\test-output\testng-failed.xml
... Removed 16 stack frames</pre></div><a href='#' onClick='toggleBox("stack-trace1605851606", this, "Click to show all stack frames", "Click to hide stack frames")'>Click to show all stack frames</a>
<div class='stack-trace' id='stack-trace1605851606'><pre>org.testng.TestNGException: 
Parameter &apos;browser&apos; is required by BeforeSuite on method OpenBrowser but has not been marked @Optional or defined
in C:\Users\vitka\git\repository\Automation\test-output\testng-failed.xml
	at org.testng.internal.Parameters.createParams(Parameters.java:270)
	at org.testng.internal.Parameters.createParametersForMethod(Parameters.java:358)
	at org.testng.internal.Parameters.createParameters(Parameters.java:700)
	at org.testng.internal.Parameters.createConfigurationParameters(Parameters.java:168)
	at org.testng.internal.ConfigInvoker.invokeConfigurations(ConfigInvoker.java:302)
	at org.testng.SuiteRunner.privateRun(SuiteRunner.java:317)
	at org.testng.SuiteRunner.run(SuiteRunner.java:276)
	at org.testng.SuiteRunnerWorker.runSuite(SuiteRunnerWorker.java:53)
	at org.testng.SuiteRunnerWorker.run(SuiteRunnerWorker.java:96)
	at org.testng.TestNG.runSuitesSequentially(TestNG.java:1212)
	at org.testng.TestNG.runSuitesLocally(TestNG.java:1134)
	at org.testng.TestNG.runSuites(TestNG.java:1063)
	at org.testng.TestNG.run(TestNG.java:1031)
	at org.testng.remote.AbstractRemoteTestNG.run(AbstractRemoteTestNG.java:115)
	at org.testng.remote.RemoteTestNG.initAndRun(RemoteTestNG.java:251)
	at org.testng.remote.RemoteTestNG.main(RemoteTestNG.java:77)
</pre></div></td>
<td>0</td>
<td>TestNG.Drag_Drop@29215f06</td></tr>
</table><p>
</body>
</html>