<?xml version="1.0" encoding="UTF-8"?>
<!-- Generated by org.testng.reporters.JUnitXMLReporter -->
<testsuite ignored="0" hostname="Royak-Sai" failures="0" tests="3" name="Test(failed)" time="0.136" errors="0" timestamp="2022-04-11T08:49:25 IST">
  <testcase classname="TestNG.Drag_Drop" name="@BeforeSuite OpenBrowser" time="-1.649647165189E9">
    <failure type="org.testng.TestNGException" message="
Parameter &amp;apos;browser&amp;apos; is required by BeforeSuite on method OpenBrowser but has not been marked @Optional or defined
in C:\Users\vitka\git\repository\Automation\test-output\testng-failed.xml">
      <![CDATA[org.testng.TestNGException: 
Parameter 'browser' is required by BeforeSuite on method OpenBrowser but has not been marked @Optional or defined
in C:\Users\vitka\git\repository\Automation\test-output\testng-failed.xml
... Removed 16 stack frames]]>
    </failure>
  </testcase> <!-- @BeforeSuite OpenBrowser -->
  <testcase classname="TestNG.Drag_Drop" name="@BeforeTest geturl" time="-1.649647165228E9">
    <skipped/>
  </testcase> <!-- @BeforeTest geturl -->
  <testcase classname="TestNG.Drag_Drop" name="@BeforeClass maximize_browser" time="-1.64964716529E9">
    <skipped/>
  </testcase> <!-- @BeforeClass maximize_browser -->
  <testcase classname="TestNG.Drag_Drop" name="@BeforeMethod get_cookies" time="-1.649647165309E9">
    <skipped/>
  </testcase> <!-- @BeforeMethod get_cookies -->
  <testcase classname="TestNG.Drag_Drop" name="@AfterMethod get_screenshot" time="-1.649647165321E9">
    <skipped/>
  </testcase> <!-- @AfterMethod get_screenshot -->
  <testcase classname="TestNG.Drag_Drop" name="@BeforeMethod get_cookies" time="-1.649647165327E9">
    <skipped/>
  </testcase> <!-- @BeforeMethod get_cookies -->
  <testcase classname="TestNG.Drag_Drop" name="@AfterMethod get_screenshot" time="-1.649647165332E9">
    <skipped/>
  </testcase> <!-- @AfterMethod get_screenshot -->
  <testcase classname="TestNG.Drag_Drop" name="@BeforeMethod get_cookies" time="-1.649647165336E9">
    <skipped/>
  </testcase> <!-- @BeforeMethod get_cookies -->
  <testcase classname="TestNG.Drag_Drop" name="@AfterMethod get_screenshot" time="-1.649647165343E9">
    <skipped/>
  </testcase> <!-- @AfterMethod get_screenshot -->
  <testcase classname="TestNG.Drag_Drop" name="@AfterClass delet_cookies" time="-1.649647165345E9">
    <skipped/>
  </testcase> <!-- @AfterClass delet_cookies -->
  <testcase classname="TestNG.Drag_Drop" name="@AfterTest dbconnectionclosed" time="-1.649647165347E9">
    <skipped/>
  </testcase> <!-- @AfterTest dbconnectionclosed -->
  <testcase classname="TestNG.Drag_Drop" name="KKK" time="0.0">
    <skipped/>
  </testcase> <!-- KKK -->
  <testcase classname="TestNG.Drag_Drop" name="ZMY" time="0.0">
    <skipped/>
  </testcase> <!-- ZMY -->
  <testcase classname="TestNG.Drag_Drop" name="ABCD" time="0.0">
    <skipped/>
  </testcase> <!-- ABCD -->
</testsuite> <!-- Test(failed) -->
